2020-09-23 14:47:32.807 [main] INFO  o.s.c.s.PostProcessorRegistrationDelegate$BeanPostProcessorChecker - Bean 'org.springframework.cloud.autoconfigure.ConfigurationPropertiesRebinderAutoConfiguration' of type [org.springframework.cloud.autoconfigure.ConfigurationPropertiesRebinderAutoConfiguration$$EnhancerBySpringCGLIB$$ad00ebb0] is not eligible for getting processed by all BeanPostProcessors (for example: not eligible for auto-proxying)
2020-09-23 14:47:33.729 [main] INFO  com.huaxing.site.gateway.euraka.App - The following profiles are active: dev
2020-09-23 14:47:35.002 [main] INFO  o.springframework.cloud.context.scope.GenericScope - BeanFactory id=fe415aeb-0b73-376f-85be-e7dadcee8114
2020-09-23 14:47:35.145 [main] INFO  o.s.c.s.PostProcessorRegistrationDelegate$BeanPostProcessorChecker - Bean 'org.springframework.cloud.autoconfigure.ConfigurationPropertiesRebinderAutoConfiguration' of type [org.springframework.cloud.autoconfigure.ConfigurationPropertiesRebinderAutoConfiguration$$EnhancerBySpringCGLIB$$ad00ebb0] is not eligible for getting processed by all BeanPostProcessors (for example: not eligible for auto-proxying)
2020-09-23 14:47:35.438 [main] INFO  o.s.boot.web.embedded.tomcat.TomcatWebServer - Tomcat initialized with port(s): 1316 (http)
2020-09-23 14:47:35.457 [main] INFO  org.apache.coyote.http11.Http11NioProtocol - Initializing ProtocolHandler ["http-nio-1316"]
2020-09-23 14:47:35.469 [main] INFO  org.apache.catalina.core.StandardService - Starting service [Tomcat]
2020-09-23 14:47:35.469 [main] INFO  org.apache.catalina.core.StandardEngine - Starting Servlet engine: [Apache Tomcat/9.0.27]
2020-09-23 14:47:35.613 [main] INFO  o.a.c.core.ContainerBase.[Tomcat].[localhost].[/] - Initializing Spring embedded WebApplicationContext
2020-09-23 14:47:35.614 [main] INFO  org.springframework.web.context.ContextLoader - Root WebApplicationContext: initialization completed in 1867 ms
2020-09-23 14:47:35.884 [main] INFO  com.netflix.config.sources.URLConfigurationSource - To enable URLs as dynamic configuration sources, define System property archaius.configurationSource.additionalUrls or make config.properties available on classpath.
2020-09-23 14:47:35.898 [main] INFO  com.netflix.config.DynamicPropertyFactory - DynamicPropertyFactory is initialized with configuration sources: com.netflix.config.ConcurrentCompositeConfiguration@72ce812e
2020-09-23 14:47:37.352 [main] INFO  c.s.j.server.impl.application.WebApplicationImpl - Initiating Jersey application, version 'Jersey: 1.19.1 03/11/2016 02:08 PM'
2020-09-23 14:47:37.456 [main] INFO  c.n.discovery.provider.DiscoveryJerseyProvider - Using JSON encoding codec LegacyJacksonJson
2020-09-23 14:47:37.458 [main] INFO  c.n.discovery.provider.DiscoveryJerseyProvider - Using JSON decoding codec LegacyJacksonJson
2020-09-23 14:47:37.621 [main] INFO  c.n.discovery.provider.DiscoveryJerseyProvider - Using XML encoding codec XStreamXml
2020-09-23 14:47:37.621 [main] INFO  c.n.discovery.provider.DiscoveryJerseyProvider - Using XML decoding codec XStreamXml
2020-09-23 14:47:38.065 [main] INFO  com.netflix.config.sources.URLConfigurationSource - To enable URLs as dynamic configuration sources, define System property archaius.configurationSource.additionalUrls or make config.properties available on classpath.
2020-09-23 14:47:38.265 [main] INFO  o.s.scheduling.concurrent.ThreadPoolTaskExecutor - Initializing ExecutorService 'applicationTaskExecutor'
2020-09-23 14:47:39.530 [main] INFO  o.s.cloud.netflix.eureka.InstanceInfoFactory - Setting initial instance status as: STARTING
2020-09-23 14:47:39.571 [main] INFO  com.netflix.discovery.DiscoveryClient - Initializing Eureka in region us-east-1
2020-09-23 14:47:39.571 [main] INFO  com.netflix.discovery.DiscoveryClient - Client configured to neither register nor query for data.
2020-09-23 14:47:39.580 [main] INFO  com.netflix.discovery.DiscoveryClient - Discovery Client initialized at timestamp 1600843659578 with initial instances count: 0
2020-09-23 14:47:39.626 [main] INFO  com.netflix.eureka.DefaultEurekaServerContext - Initializing ...
2020-09-23 14:47:39.629 [main] INFO  com.netflix.eureka.cluster.PeerEurekaNodes - Adding new peer nodes [http://localhost:1316/eureka/]
2020-09-23 14:47:40.178 [main] INFO  c.n.discovery.provider.DiscoveryJerseyProvider - Using JSON encoding codec LegacyJacksonJson
2020-09-23 14:47:40.178 [main] INFO  c.n.discovery.provider.DiscoveryJerseyProvider - Using JSON decoding codec LegacyJacksonJson
2020-09-23 14:47:40.179 [main] INFO  c.n.discovery.provider.DiscoveryJerseyProvider - Using XML encoding codec XStreamXml
2020-09-23 14:47:40.179 [main] INFO  c.n.discovery.provider.DiscoveryJerseyProvider - Using XML decoding codec XStreamXml
2020-09-23 14:47:40.366 [main] INFO  com.netflix.eureka.cluster.PeerEurekaNodes - Replica node URL:  http://localhost:1316/eureka/
2020-09-23 14:47:40.377 [main] INFO  c.netflix.eureka.registry.AbstractInstanceRegistry - Finished initializing remote region registries. All known remote regions: []
2020-09-23 14:47:40.378 [main] INFO  com.netflix.eureka.DefaultEurekaServerContext - Initialized
2020-09-23 14:47:40.392 [main] INFO  o.s.b.actuate.endpoint.web.EndpointLinksResolver - Exposing 2 endpoint(s) beneath base path '/actuator'
2020-09-23 14:47:40.505 [main] INFO  o.s.c.n.e.serviceregistry.EurekaServiceRegistry - Registering application EUREKA-REGISTER-SERVER with eureka with status UP
2020-09-23 14:47:40.509 [Thread-31] INFO  o.s.c.netflix.eureka.server.EurekaServerBootstrap - Setting the eureka configuration..
2020-09-23 14:47:40.509 [Thread-31] INFO  o.s.c.netflix.eureka.server.EurekaServerBootstrap - Eureka data center value eureka.datacenter is not set, defaulting to default
2020-09-23 14:47:40.510 [Thread-31] INFO  o.s.c.netflix.eureka.server.EurekaServerBootstrap - Eureka environment value eureka.environment is not set, defaulting to test
2020-09-23 14:47:40.533 [Thread-31] INFO  o.s.c.netflix.eureka.server.EurekaServerBootstrap - isAws returned false
2020-09-23 14:47:40.533 [Thread-31] INFO  o.s.c.netflix.eureka.server.EurekaServerBootstrap - Initialized server context
2020-09-23 14:47:40.534 [Thread-31] INFO  c.n.eureka.registry.PeerAwareInstanceRegistryImpl - Got 1 instances from neighboring DS node
2020-09-23 14:47:40.534 [Thread-31] INFO  c.n.eureka.registry.PeerAwareInstanceRegistryImpl - Renew threshold is: 1
2020-09-23 14:47:40.534 [Thread-31] INFO  c.n.eureka.registry.PeerAwareInstanceRegistryImpl - Changing status to UP
2020-09-23 14:47:40.536 [main] INFO  org.apache.coyote.http11.Http11NioProtocol - Starting ProtocolHandler ["http-nio-1316"]
2020-09-23 14:47:40.547 [Thread-31] INFO  o.s.c.n.e.s.EurekaServerInitializerConfiguration - Started Eureka Server
2020-09-23 14:47:40.575 [main] INFO  o.s.boot.web.embedded.tomcat.TomcatWebServer - Tomcat started on port(s): 1316 (http) with context path ''
2020-09-23 14:47:40.576 [main] INFO  o.s.c.n.e.s.EurekaAutoServiceRegistration - Updating port to 1316
2020-09-23 14:47:40.578 [main] INFO  com.huaxing.site.gateway.euraka.App - Started App in 9.753 seconds (JVM running for 11.725)
2020-09-23 14:47:41.173 [RMI TCP Connection(4)-127.0.0.1] INFO  o.a.c.core.ContainerBase.[Tomcat].[localhost].[/] - Initializing Spring DispatcherServlet 'dispatcherServlet'
2020-09-23 14:47:41.173 [RMI TCP Connection(4)-127.0.0.1] INFO  org.springframework.web.servlet.DispatcherServlet - Initializing Servlet 'dispatcherServlet'
2020-09-23 14:47:41.187 [RMI TCP Connection(4)-127.0.0.1] INFO  org.springframework.web.servlet.DispatcherServlet - Completed initialization in 14 ms
2020-09-23 14:47:45.536 [Eureka-EvictionTimer] INFO  c.netflix.eureka.registry.AbstractInstanceRegistry - Running the evict task with compensationTime 0ms
2020-09-23 14:47:50.537 [Eureka-EvictionTimer] INFO  c.netflix.eureka.registry.AbstractInstanceRegistry - Running the evict task with compensationTime 0ms
2020-09-23 14:47:55.538 [Eureka-EvictionTimer] INFO  c.netflix.eureka.registry.AbstractInstanceRegistry - Running the evict task with compensationTime 1ms
2020-09-23 14:48:00.539 [Eureka-EvictionTimer] INFO  c.netflix.eureka.registry.AbstractInstanceRegistry - Running the evict task with compensationTime 0ms
2020-09-23 14:48:05.539 [Eureka-EvictionTimer] INFO  c.netflix.eureka.registry.AbstractInstanceRegistry - Running the evict task with compensationTime 0ms
2020-09-23 14:48:07.535 [http-nio-1316-exec-1] INFO  c.netflix.eureka.registry.AbstractInstanceRegistry - Registered instance SYSTEM-SERVER/system-server:9002 with status UP (replication=false)
2020-09-23 14:48:08.312 [http-nio-1316-exec-5] INFO  c.netflix.eureka.registry.AbstractInstanceRegistry - Registered instance SYSTEM-SERVER/system-server:9002 with status UP (replication=true)
2020-09-23 14:48:10.540 [Eureka-EvictionTimer] INFO  c.netflix.eureka.registry.AbstractInstanceRegistry - Running the evict task with compensationTime 0ms
2020-09-23 14:48:15.540 [Eureka-EvictionTimer] INFO  c.netflix.eureka.registry.AbstractInstanceRegistry - Running the evict task with compensationTime 0ms
2020-09-23 14:48:20.540 [Eureka-EvictionTimer] INFO  c.netflix.eureka.registry.AbstractInstanceRegistry - Running the evict task with compensationTime 0ms
2020-09-23 14:48:25.541 [Eureka-EvictionTimer] INFO  c.netflix.eureka.registry.AbstractInstanceRegistry - Running the evict task with compensationTime 0ms
2020-09-23 14:48:30.542 [Eureka-EvictionTimer] INFO  c.netflix.eureka.registry.AbstractInstanceRegistry - Running the evict task with compensationTime 0ms
