2019-09-06:15:36:46.665 [main] INFO   Bean 'org.springframework.cloud.autoconfigure.ConfigurationPropertiesRebinderAutoConfiguration' of type [org.springframework.cloud.autoconfigure.ConfigurationPropertiesRebinderAutoConfiguration$$EnhancerBySpringCGLIB$$be29b711] is not eligible for getting processed by all BeanPostProcessors (for example: not eligible for auto-proxying)
2019-09-06:15:36:56.909 [main] INFO   The following profiles are active: dev
2019-09-06:15:36:58.007 [main] INFO   BeanFactory id=d8a2cc26-52e6-3ff6-a0d4-4ebeb25394b0
2019-09-06:15:36:58.118 [main] INFO   Bean 'org.springframework.transaction.annotation.ProxyTransactionManagementConfiguration' of type [org.springframework.transaction.annotation.ProxyTransactionManagementConfiguration$$EnhancerBySpringCGLIB$$a20fb414] is not eligible for getting processed by all BeanPostProcessors (for example: not eligible for auto-proxying)
2019-09-06:15:36:58.137 [main] INFO   Bean 'org.springframework.cloud.autoconfigure.ConfigurationPropertiesRebinderAutoConfiguration' of type [org.springframework.cloud.autoconfigure.ConfigurationPropertiesRebinderAutoConfiguration$$EnhancerBySpringCGLIB$$be29b711] is not eligible for getting processed by all BeanPostProcessors (for example: not eligible for auto-proxying)
2019-09-06:15:36:58.527 [main] INFO   Tomcat initialized with port(s): 8001 (http)
2019-09-06:15:36:58.544 [main] INFO   Initializing ProtocolHandler ["http-nio-8001"]
2019-09-06:15:36:58.554 [main] INFO   Starting service [Tomcat]
2019-09-06:15:36:58.554 [main] INFO   Starting Servlet engine: [Apache Tomcat/9.0.17]
2019-09-06:15:36:58.805 [main] INFO   Initializing Spring embedded WebApplicationContext
2019-09-06:15:36:58.806 [main] INFO   Root WebApplicationContext: initialization completed in 1879 ms
2019-09-06:15:36:58.949 [main] INFO   To enable URLs as dynamic configuration sources, define System property archaius.configurationSource.additionalUrls or make config.properties available on classpath.
2019-09-06:15:36:58.959 [main] INFO   DynamicPropertyFactory is initialized with configuration sources: com.netflix.config.ConcurrentCompositeConfiguration@1bd8afc8
2019-09-06:15:36:59.907 [main] INFO   To enable URLs as dynamic configuration sources, define System property archaius.configurationSource.additionalUrls or make config.properties available on classpath.
2019-09-06:15:37:00.202 [main] INFO   Initializing ExecutorService 'applicationTaskExecutor'
2019-09-06:15:37:01.061 [main] INFO   Exposing 2 endpoint(s) beneath base path '/actuator'
2019-09-06:15:37:01.168 [main] INFO   Setting initial instance status as: STARTING
2019-09-06:15:37:01.235 [main] INFO   Initializing Eureka in region us-east-1
2019-09-06:15:37:01.532 [main] INFO   Using JSON encoding codec LegacyJacksonJson
2019-09-06:15:37:01.532 [main] INFO   Using JSON decoding codec LegacyJacksonJson
2019-09-06:15:37:01.704 [main] INFO   Using XML encoding codec XStreamXml
2019-09-06:15:37:01.705 [main] INFO   Using XML decoding codec XStreamXml
2019-09-06:15:37:02.042 [main] INFO   Resolving eureka endpoints via configuration
2019-09-06:15:37:02.072 [main] INFO   Disable delta property : false
2019-09-06:15:37:02.072 [main] INFO   Single vip registry refresh property : null
2019-09-06:15:37:02.072 [main] INFO   Force full registry fetch : false
2019-09-06:15:37:02.072 [main] INFO   Application is null : false
2019-09-06:15:37:02.072 [main] INFO   Registered Applications size is zero : true
2019-09-06:15:37:02.072 [main] INFO   Application version is -1: true
2019-09-06:15:37:02.072 [main] INFO   Getting all instance registry info from the eureka server
2019-09-06:15:37:02.481 [main] INFO   The response status is 200
2019-09-06:15:37:02.484 [main] INFO   Starting heartbeat executor: renew interval is: 30
2019-09-06:15:37:02.487 [main] INFO   InstanceInfoReplicator onDemand update allowed rate per min is 4
2019-09-06:15:37:02.492 [main] INFO   Discovery Client initialized at timestamp 1567755422490 with initial instances count: 0
2019-09-06:15:37:02.494 [main] INFO   Registering application HUAXING-PRODUCER-USER with eureka with status UP
2019-09-06:15:37:02.495 [main] INFO   Saw local status change event StatusChangeEvent [timestamp=1567755422495, current=UP, previous=STARTING]
2019-09-06:15:37:02.498 [DiscoveryClient-InstanceInfoReplicator-0] INFO   DiscoveryClient_HUAXING-PRODUCER-USER/192.168.10.5:huaxing-producer-user:8001: registering service...
2019-09-06:15:37:02.541 [main] INFO   Starting ProtocolHandler ["http-nio-8001"]
2019-09-06:15:37:02.589 [main] INFO   Tomcat started on port(s): 8001 (http) with context path ''
2019-09-06:15:37:02.590 [main] INFO   Updating port to 8001
2019-09-06:15:37:02.593 [main] INFO   Started UserApplication in 26.712 seconds (JVM running for 32.843)
2019-09-06:15:37:02.637 [DiscoveryClient-InstanceInfoReplicator-0] INFO   DiscoveryClient_HUAXING-PRODUCER-USER/192.168.10.5:huaxing-producer-user:8001 - registration status: 204
2019-09-06:15:37:03.436 [RMI TCP Connection(6)-127.0.0.1] INFO   Initializing Spring DispatcherServlet 'dispatcherServlet'
2019-09-06:15:37:03.437 [RMI TCP Connection(6)-127.0.0.1] INFO   Initializing Servlet 'dispatcherServlet'
2019-09-06:15:37:03.440 [RMI TCP Connection(5)-127.0.0.1] INFO   HikariPool-1 - Starting...
2019-09-06:15:37:03.452 [RMI TCP Connection(6)-127.0.0.1] INFO   Completed initialization in 15 ms
2019-09-06:15:37:32.486 [DiscoveryClient-CacheRefreshExecutor-0] INFO   Disable delta property : false
2019-09-06:15:37:32.488 [DiscoveryClient-CacheRefreshExecutor-0] INFO   Single vip registry refresh property : null
2019-09-06:15:37:32.488 [DiscoveryClient-CacheRefreshExecutor-0] INFO   Force full registry fetch : false
2019-09-06:15:37:32.488 [DiscoveryClient-CacheRefreshExecutor-0] INFO   Application is null : false
2019-09-06:15:37:32.488 [DiscoveryClient-CacheRefreshExecutor-0] INFO   Registered Applications size is zero : true
2019-09-06:15:37:32.488 [DiscoveryClient-CacheRefreshExecutor-0] INFO   Application version is -1: false
2019-09-06:15:37:32.488 [DiscoveryClient-CacheRefreshExecutor-0] INFO   Getting all instance registry info from the eureka server
2019-09-06:15:37:32.608 [DiscoveryClient-CacheRefreshExecutor-0] INFO   The response status is 200
2019-09-06:15:42:02.097 [AsyncResolver-bootstrap-executor-0] INFO   Resolving eureka endpoints via configuration
2019-09-06:15:47:02.113 [AsyncResolver-bootstrap-executor-0] INFO   Resolving eureka endpoints via configuration
2019-09-06:15:52:02.125 [AsyncResolver-bootstrap-executor-0] INFO   Resolving eureka endpoints via configuration
2019-09-06:15:53:08.571 [Thread-59] INFO   Unregistering application HUAXING-PRODUCER-USER with eureka with status DOWN
2019-09-06:15:53:08.572 [DiscoveryClient-InstanceInfoReplicator-0] INFO   DiscoveryClient_HUAXING-PRODUCER-USER/192.168.10.5:huaxing-producer-user:8001: registering service...
2019-09-06:15:53:08.585 [Thread-59] INFO   Shutting down ExecutorService 'applicationTaskExecutor'
2019-09-06:15:53:08.595 [Thread-59] INFO   Shutting down DiscoveryClient ...
2019-09-06:15:53:08.645 [DiscoveryClient-InstanceInfoReplicator-0] INFO   DiscoveryClient_HUAXING-PRODUCER-USER/192.168.10.5:huaxing-producer-user:8001 - registration status: 204
2019-09-06:15:53:08.646 [Thread-59] INFO   Unregistering ...
2019-09-06:15:53:08.710 [Thread-59] INFO   DiscoveryClient_HUAXING-PRODUCER-USER/192.168.10.5:huaxing-producer-user:8001 - deregister  status: 200
2019-09-06:15:54:21.007 [main] INFO   Bean 'org.springframework.cloud.autoconfigure.ConfigurationPropertiesRebinderAutoConfiguration' of type [org.springframework.cloud.autoconfigure.ConfigurationPropertiesRebinderAutoConfiguration$$EnhancerBySpringCGLIB$$a634e9a5] is not eligible for getting processed by all BeanPostProcessors (for example: not eligible for auto-proxying)
2019-09-06:15:54:31.302 [main] INFO   The following profiles are active: dev
2019-09-06:15:54:32.460 [main] INFO   BeanFactory id=d8a2cc26-52e6-3ff6-a0d4-4ebeb25394b0
2019-09-06:15:54:32.573 [main] INFO   Bean 'org.springframework.transaction.annotation.ProxyTransactionManagementConfiguration' of type [org.springframework.transaction.annotation.ProxyTransactionManagementConfiguration$$EnhancerBySpringCGLIB$$8a1ae6a8] is not eligible for getting processed by all BeanPostProcessors (for example: not eligible for auto-proxying)
2019-09-06:15:54:32.594 [main] INFO   Bean 'org.springframework.cloud.autoconfigure.ConfigurationPropertiesRebinderAutoConfiguration' of type [org.springframework.cloud.autoconfigure.ConfigurationPropertiesRebinderAutoConfiguration$$EnhancerBySpringCGLIB$$a634e9a5] is not eligible for getting processed by all BeanPostProcessors (for example: not eligible for auto-proxying)
2019-09-06:15:54:32.943 [main] INFO   Tomcat initialized with port(s): 8001 (http)
2019-09-06:15:54:32.959 [main] INFO   Initializing ProtocolHandler ["http-nio-8001"]
2019-09-06:15:54:32.968 [main] INFO   Starting service [Tomcat]
2019-09-06:15:54:32.969 [main] INFO   Starting Servlet engine: [Apache Tomcat/9.0.17]
2019-09-06:15:54:33.240 [main] INFO   Initializing Spring embedded WebApplicationContext
2019-09-06:15:54:33.240 [main] INFO   Root WebApplicationContext: initialization completed in 1919 ms
2019-09-06:15:54:33.362 [main] INFO   To enable URLs as dynamic configuration sources, define System property archaius.configurationSource.additionalUrls or make config.properties available on classpath.
2019-09-06:15:54:33.372 [main] INFO   DynamicPropertyFactory is initialized with configuration sources: com.netflix.config.ConcurrentCompositeConfiguration@4026461d
2019-09-06:15:54:34.182 [main] INFO   To enable URLs as dynamic configuration sources, define System property archaius.configurationSource.additionalUrls or make config.properties available on classpath.
2019-09-06:15:54:34.440 [main] INFO   Initializing ExecutorService 'applicationTaskExecutor'
2019-09-06:15:54:35.120 [main] INFO   Exposing 2 endpoint(s) beneath base path '/actuator'
2019-09-06:15:54:35.263 [main] INFO   Setting initial instance status as: STARTING
2019-09-06:15:54:35.300 [main] INFO   Initializing Eureka in region us-east-1
2019-09-06:15:54:35.551 [main] INFO   Using JSON encoding codec LegacyJacksonJson
2019-09-06:15:54:35.552 [main] INFO   Using JSON decoding codec LegacyJacksonJson
2019-09-06:15:54:35.705 [main] INFO   Using XML encoding codec XStreamXml
2019-09-06:15:54:35.705 [main] INFO   Using XML decoding codec XStreamXml
2019-09-06:15:54:35.983 [main] INFO   Resolving eureka endpoints via configuration
2019-09-06:15:54:36.003 [main] INFO   Disable delta property : false
2019-09-06:15:54:36.003 [main] INFO   Single vip registry refresh property : null
2019-09-06:15:54:36.003 [main] INFO   Force full registry fetch : false
2019-09-06:15:54:36.003 [main] INFO   Application is null : false
2019-09-06:15:54:36.003 [main] INFO   Registered Applications size is zero : true
2019-09-06:15:54:36.003 [main] INFO   Application version is -1: true
2019-09-06:15:54:36.003 [main] INFO   Getting all instance registry info from the eureka server
2019-09-06:15:54:36.281 [main] INFO   The response status is 200
2019-09-06:15:54:36.287 [main] INFO   Starting heartbeat executor: renew interval is: 30
2019-09-06:15:54:36.300 [main] INFO   InstanceInfoReplicator onDemand update allowed rate per min is 4
2019-09-06:15:54:36.305 [main] INFO   Discovery Client initialized at timestamp 1567756476303 with initial instances count: 0
2019-09-06:15:54:36.312 [main] INFO   Registering application HUAXING-PRODUCER-USER with eureka with status UP
2019-09-06:15:54:36.314 [main] INFO   Saw local status change event StatusChangeEvent [timestamp=1567756476314, current=UP, previous=STARTING]
2019-09-06:15:54:36.320 [DiscoveryClient-InstanceInfoReplicator-0] INFO   DiscoveryClient_HUAXING-PRODUCER-USER/192.168.10.5:huaxing-producer-user:8001: registering service...
2019-09-06:15:54:36.403 [main] INFO   Starting ProtocolHandler ["http-nio-8001"]
2019-09-06:15:54:36.448 [main] INFO   Tomcat started on port(s): 8001 (http) with context path ''
2019-09-06:15:54:36.449 [main] INFO   Updating port to 8001
2019-09-06:15:54:36.452 [main] INFO   Started UserApplication in 26.363 seconds (JVM running for 32.729)
2019-09-06:15:54:36.492 [DiscoveryClient-InstanceInfoReplicator-0] INFO   DiscoveryClient_HUAXING-PRODUCER-USER/192.168.10.5:huaxing-producer-user:8001 - registration status: 204
2019-09-06:15:54:37.635 [RMI TCP Connection(4)-127.0.0.1] INFO   Initializing Spring DispatcherServlet 'dispatcherServlet'
2019-09-06:15:54:37.635 [RMI TCP Connection(4)-127.0.0.1] INFO   Initializing Servlet 'dispatcherServlet'
2019-09-06:15:54:37.670 [RMI TCP Connection(4)-127.0.0.1] INFO   Completed initialization in 35 ms
2019-09-06:15:54:37.704 [RMI TCP Connection(7)-127.0.0.1] INFO   HikariPool-1 - Starting...
2019-09-06:15:55:06.292 [DiscoveryClient-CacheRefreshExecutor-0] INFO   Disable delta property : false
2019-09-06:15:55:06.293 [DiscoveryClient-CacheRefreshExecutor-0] INFO   Single vip registry refresh property : null
2019-09-06:15:55:06.294 [DiscoveryClient-CacheRefreshExecutor-0] INFO   Force full registry fetch : false
2019-09-06:15:55:06.294 [DiscoveryClient-CacheRefreshExecutor-0] INFO   Application is null : false
2019-09-06:15:55:06.294 [DiscoveryClient-CacheRefreshExecutor-0] INFO   Registered Applications size is zero : true
2019-09-06:15:55:06.294 [DiscoveryClient-CacheRefreshExecutor-0] INFO   Application version is -1: false
2019-09-06:15:55:06.294 [DiscoveryClient-CacheRefreshExecutor-0] INFO   Getting all instance registry info from the eureka server
2019-09-06:15:55:06.394 [DiscoveryClient-CacheRefreshExecutor-0] INFO   The response status is 200
2019-09-06:15:56:52.586 [Thread-59] INFO   Unregistering application HUAXING-PRODUCER-USER with eureka with status DOWN
2019-09-06:15:56:52.592 [DiscoveryClient-InstanceInfoReplicator-0] INFO   DiscoveryClient_HUAXING-PRODUCER-USER/192.168.10.5:huaxing-producer-user:8001: registering service...
2019-09-06:15:56:52.609 [Thread-59] INFO   Shutting down ExecutorService 'applicationTaskExecutor'
2019-09-06:15:56:52.615 [Thread-59] INFO   Shutting down DiscoveryClient ...
2019-09-06:15:56:52.664 [DiscoveryClient-InstanceInfoReplicator-0] INFO   DiscoveryClient_HUAXING-PRODUCER-USER/192.168.10.5:huaxing-producer-user:8001 - registration status: 204
2019-09-06:15:56:52.666 [Thread-59] INFO   Unregistering ...
2019-09-06:15:56:52.723 [Thread-59] INFO   DiscoveryClient_HUAXING-PRODUCER-USER/192.168.10.5:huaxing-producer-user:8001 - deregister  status: 200
2019-09-06:15:56:52.737 [Thread-59] INFO   Completed shut down of DiscoveryClient
2019-09-06:16:19:32.179 [main] INFO   Bean 'org.springframework.cloud.autoconfigure.ConfigurationPropertiesRebinderAutoConfiguration' of type [org.springframework.cloud.autoconfigure.ConfigurationPropertiesRebinderAutoConfiguration$$EnhancerBySpringCGLIB$$332fe413] is not eligible for getting processed by all BeanPostProcessors (for example: not eligible for auto-proxying)
2019-09-06:16:19:42.422 [main] INFO   The following profiles are active: dev
2019-09-06:16:19:43.828 [main] INFO   BeanFactory id=d8a2cc26-52e6-3ff6-a0d4-4ebeb25394b0
2019-09-06:16:19:43.960 [main] INFO   Bean 'org.springframework.transaction.annotation.ProxyTransactionManagementConfiguration' of type [org.springframework.transaction.annotation.ProxyTransactionManagementConfiguration$$EnhancerBySpringCGLIB$$1715e116] is not eligible for getting processed by all BeanPostProcessors (for example: not eligible for auto-proxying)
2019-09-06:16:19:44.004 [main] INFO   Bean 'org.springframework.cloud.autoconfigure.ConfigurationPropertiesRebinderAutoConfiguration' of type [org.springframework.cloud.autoconfigure.ConfigurationPropertiesRebinderAutoConfiguration$$EnhancerBySpringCGLIB$$332fe413] is not eligible for getting processed by all BeanPostProcessors (for example: not eligible for auto-proxying)
2019-09-06:16:19:44.498 [main] INFO   Tomcat initialized with port(s): 8001 (http)
2019-09-06:16:19:44.519 [main] INFO   Initializing ProtocolHandler ["http-nio-8001"]
2019-09-06:16:19:44.529 [main] INFO   Starting service [Tomcat]
2019-09-06:16:19:44.530 [main] INFO   Starting Servlet engine: [Apache Tomcat/9.0.17]
2019-09-06:16:19:44.843 [main] INFO   Initializing Spring embedded WebApplicationContext
2019-09-06:16:19:44.844 [main] INFO   Root WebApplicationContext: initialization completed in 2399 ms
2019-09-06:16:19:44.995 [main] INFO   To enable URLs as dynamic configuration sources, define System property archaius.configurationSource.additionalUrls or make config.properties available on classpath.
2019-09-06:16:19:45.011 [main] INFO   DynamicPropertyFactory is initialized with configuration sources: com.netflix.config.ConcurrentCompositeConfiguration@8b13d91
2019-09-06:16:19:45.926 [main] INFO   To enable URLs as dynamic configuration sources, define System property archaius.configurationSource.additionalUrls or make config.properties available on classpath.
2019-09-06:16:19:46.244 [main] INFO   Initializing ExecutorService 'applicationTaskExecutor'
2019-09-06:16:19:47.096 [main] INFO   Exposing 2 endpoint(s) beneath base path '/actuator'
2019-09-06:16:19:47.214 [main] INFO   Setting initial instance status as: STARTING
2019-09-06:16:19:47.281 [main] INFO   Initializing Eureka in region us-east-1
2019-09-06:16:19:47.594 [main] INFO   Using JSON encoding codec LegacyJacksonJson
2019-09-06:16:19:47.594 [main] INFO   Using JSON decoding codec LegacyJacksonJson
2019-09-06:16:19:47.774 [main] INFO   Using XML encoding codec XStreamXml
2019-09-06:16:19:47.774 [main] INFO   Using XML decoding codec XStreamXml
2019-09-06:16:19:48.081 [main] INFO   Resolving eureka endpoints via configuration
2019-09-06:16:19:48.107 [main] INFO   Disable delta property : false
2019-09-06:16:19:48.108 [main] INFO   Single vip registry refresh property : null
2019-09-06:16:19:48.108 [main] INFO   Force full registry fetch : false
2019-09-06:16:19:48.108 [main] INFO   Application is null : false
2019-09-06:16:19:48.108 [main] INFO   Registered Applications size is zero : true
2019-09-06:16:19:48.108 [main] INFO   Application version is -1: true
2019-09-06:16:19:48.108 [main] INFO   Getting all instance registry info from the eureka server
2019-09-06:16:19:48.499 [main] INFO   The response status is 200
2019-09-06:16:19:48.501 [main] INFO   Starting heartbeat executor: renew interval is: 30
2019-09-06:16:19:48.504 [main] INFO   InstanceInfoReplicator onDemand update allowed rate per min is 4
2019-09-06:16:19:48.508 [main] INFO   Discovery Client initialized at timestamp 1567757988507 with initial instances count: 0
2019-09-06:16:19:48.511 [main] INFO   Registering application HUAXING-PRODUCER-USER with eureka with status UP
2019-09-06:16:19:48.512 [main] INFO   Saw local status change event StatusChangeEvent [timestamp=1567757988512, current=UP, previous=STARTING]
2019-09-06:16:19:48.514 [DiscoveryClient-InstanceInfoReplicator-0] INFO   DiscoveryClient_HUAXING-PRODUCER-USER/192.168.10.5:huaxing-producer-user:8001: registering service...
2019-09-06:16:19:48.560 [main] INFO   Starting ProtocolHandler ["http-nio-8001"]
2019-09-06:16:19:48.608 [main] INFO   Tomcat started on port(s): 8001 (http) with context path ''
2019-09-06:16:19:48.609 [main] INFO   Updating port to 8001
2019-09-06:16:19:48.612 [main] INFO   Started UserApplication in 27.339 seconds (JVM running for 33.64)
2019-09-06:16:19:48.660 [DiscoveryClient-InstanceInfoReplicator-0] INFO   DiscoveryClient_HUAXING-PRODUCER-USER/192.168.10.5:huaxing-producer-user:8001 - registration status: 204
2019-09-06:16:19:49.676 [RMI TCP Connection(4)-127.0.0.1] INFO   Initializing Spring DispatcherServlet 'dispatcherServlet'
2019-09-06:16:19:49.684 [RMI TCP Connection(4)-127.0.0.1] INFO   Initializing Servlet 'dispatcherServlet'
2019-09-06:16:19:49.707 [RMI TCP Connection(9)-127.0.0.1] INFO   HikariPool-1 - Starting...
2019-09-06:16:19:49.817 [RMI TCP Connection(4)-127.0.0.1] INFO   Completed initialization in 127 ms
2019-09-06:16:20:18.503 [DiscoveryClient-CacheRefreshExecutor-0] INFO   Disable delta property : false
2019-09-06:16:20:18.504 [DiscoveryClient-CacheRefreshExecutor-0] INFO   Single vip registry refresh property : null
2019-09-06:16:20:18.504 [DiscoveryClient-CacheRefreshExecutor-0] INFO   Force full registry fetch : false
2019-09-06:16:20:18.504 [DiscoveryClient-CacheRefreshExecutor-0] INFO   Application is null : false
2019-09-06:16:20:18.504 [DiscoveryClient-CacheRefreshExecutor-0] INFO   Registered Applications size is zero : true
2019-09-06:16:20:18.504 [DiscoveryClient-CacheRefreshExecutor-0] INFO   Application version is -1: false
2019-09-06:16:20:18.504 [DiscoveryClient-CacheRefreshExecutor-0] INFO   Getting all instance registry info from the eureka server
2019-09-06:16:20:18.637 [DiscoveryClient-CacheRefreshExecutor-0] INFO   The response status is 200
2019-09-06:16:24:48.121 [AsyncResolver-bootstrap-executor-0] INFO   Resolving eureka endpoints via configuration
2019-09-06:16:29:48.156 [AsyncResolver-bootstrap-executor-0] INFO   Resolving eureka endpoints via configuration
2019-09-06:16:34:48.171 [AsyncResolver-bootstrap-executor-0] INFO   Resolving eureka endpoints via configuration
2019-09-06:16:39:48.188 [AsyncResolver-bootstrap-executor-0] INFO   Resolving eureka endpoints via configuration
2019-09-06:16:44:48.205 [AsyncResolver-bootstrap-executor-0] INFO   Resolving eureka endpoints via configuration
2019-09-06:16:49:48.222 [AsyncResolver-bootstrap-executor-0] INFO   Resolving eureka endpoints via configuration
2019-09-06:16:54:47.317 [Thread-61] INFO   Unregistering application HUAXING-PRODUCER-USER with eureka with status DOWN
2019-09-06:16:54:47.319 [DiscoveryClient-InstanceInfoReplicator-0] INFO   DiscoveryClient_HUAXING-PRODUCER-USER/192.168.10.5:huaxing-producer-user:8001: registering service...
2019-09-06:16:54:47.354 [Thread-61] INFO   Shutting down ExecutorService 'applicationTaskExecutor'
2019-09-06:16:54:47.364 [Thread-61] INFO   Shutting down DiscoveryClient ...
2019-09-06:16:54:47.386 [DiscoveryClient-InstanceInfoReplicator-0] INFO   DiscoveryClient_HUAXING-PRODUCER-USER/192.168.10.5:huaxing-producer-user:8001 - registration status: 204
2019-09-06:16:54:47.388 [Thread-61] INFO   Unregistering ...
2019-09-06:16:54:47.462 [Thread-61] INFO   DiscoveryClient_HUAXING-PRODUCER-USER/192.168.10.5:huaxing-producer-user:8001 - deregister  status: 200
2019-09-06:16:58:37.327 [main] INFO   Bean 'org.springframework.cloud.autoconfigure.ConfigurationPropertiesRebinderAutoConfiguration' of type [org.springframework.cloud.autoconfigure.ConfigurationPropertiesRebinderAutoConfiguration$$EnhancerBySpringCGLIB$$c7cc9b18] is not eligible for getting processed by all BeanPostProcessors (for example: not eligible for auto-proxying)
2019-09-06:16:58:47.629 [main] INFO   The following profiles are active: dev
2019-09-06:16:58:49.006 [main] INFO   BeanFactory id=d8a2cc26-52e6-3ff6-a0d4-4ebeb25394b0
2019-09-06:16:58:49.136 [main] INFO   Bean 'org.springframework.transaction.annotation.ProxyTransactionManagementConfiguration' of type [org.springframework.transaction.annotation.ProxyTransactionManagementConfiguration$$EnhancerBySpringCGLIB$$abb2981b] is not eligible for getting processed by all BeanPostProcessors (for example: not eligible for auto-proxying)
2019-09-06:16:58:49.164 [main] INFO   Bean 'org.springframework.cloud.autoconfigure.ConfigurationPropertiesRebinderAutoConfiguration' of type [org.springframework.cloud.autoconfigure.ConfigurationPropertiesRebinderAutoConfiguration$$EnhancerBySpringCGLIB$$c7cc9b18] is not eligible for getting processed by all BeanPostProcessors (for example: not eligible for auto-proxying)
2019-09-06:16:58:49.643 [main] INFO   Tomcat initialized with port(s): 8001 (http)
2019-09-06:16:58:49.665 [main] INFO   Initializing ProtocolHandler ["http-nio-8001"]
2019-09-06:16:58:49.676 [main] INFO   Starting service [Tomcat]
2019-09-06:16:58:49.676 [main] INFO   Starting Servlet engine: [Apache Tomcat/9.0.17]
2019-09-06:16:58:49.986 [main] INFO   Initializing Spring embedded WebApplicationContext
2019-09-06:16:58:49.987 [main] INFO   Root WebApplicationContext: initialization completed in 2324 ms
2019-09-06:16:58:50.124 [main] INFO   To enable URLs as dynamic configuration sources, define System property archaius.configurationSource.additionalUrls or make config.properties available on classpath.
2019-09-06:16:58:50.140 [main] INFO   DynamicPropertyFactory is initialized with configuration sources: com.netflix.config.ConcurrentCompositeConfiguration@1d289d3f
2019-09-06:16:58:51.081 [main] INFO   To enable URLs as dynamic configuration sources, define System property archaius.configurationSource.additionalUrls or make config.properties available on classpath.
2019-09-06:16:58:51.372 [main] INFO   Initializing ExecutorService 'applicationTaskExecutor'
2019-09-06:16:58:52.208 [main] INFO   Exposing 2 endpoint(s) beneath base path '/actuator'
2019-09-06:16:58:52.321 [main] INFO   Setting initial instance status as: STARTING
2019-09-06:16:58:52.390 [main] INFO   Initializing Eureka in region us-east-1
2019-09-06:16:58:52.696 [main] INFO   Using JSON encoding codec LegacyJacksonJson
2019-09-06:16:58:52.697 [main] INFO   Using JSON decoding codec LegacyJacksonJson
2019-09-06:16:58:52.889 [main] INFO   Using XML encoding codec XStreamXml
2019-09-06:16:58:52.889 [main] INFO   Using XML decoding codec XStreamXml
2019-09-06:16:58:53.204 [main] INFO   Resolving eureka endpoints via configuration
2019-09-06:16:58:53.235 [main] INFO   Disable delta property : false
2019-09-06:16:58:53.235 [main] INFO   Single vip registry refresh property : null
2019-09-06:16:58:53.235 [main] INFO   Force full registry fetch : false
2019-09-06:16:58:53.235 [main] INFO   Application is null : false
2019-09-06:16:58:53.235 [main] INFO   Registered Applications size is zero : true
2019-09-06:16:58:53.235 [main] INFO   Application version is -1: true
2019-09-06:16:58:53.235 [main] INFO   Getting all instance registry info from the eureka server
2019-09-06:16:58:53.587 [main] INFO   The response status is 200
2019-09-06:16:58:53.591 [main] INFO   Starting heartbeat executor: renew interval is: 30
2019-09-06:16:58:53.595 [main] INFO   InstanceInfoReplicator onDemand update allowed rate per min is 4
2019-09-06:16:58:53.599 [main] INFO   Discovery Client initialized at timestamp 1567760333597 with initial instances count: 0
2019-09-06:16:58:53.602 [main] INFO   Registering application HUAXING-PRODUCER-USER with eureka with status UP
2019-09-06:16:58:53.602 [main] INFO   Saw local status change event StatusChangeEvent [timestamp=1567760333602, current=UP, previous=STARTING]
2019-09-06:16:58:53.605 [DiscoveryClient-InstanceInfoReplicator-0] INFO   DiscoveryClient_HUAXING-PRODUCER-USER/192.168.10.5:huaxing-producer-user:8001: registering service...
2019-09-06:16:58:53.652 [main] INFO   Starting ProtocolHandler ["http-nio-8001"]
2019-09-06:16:58:53.701 [main] INFO   Tomcat started on port(s): 8001 (http) with context path ''
2019-09-06:16:58:53.702 [main] INFO   Updating port to 8001
2019-09-06:16:58:53.705 [main] INFO   Started UserApplication in 27.322 seconds (JVM running for 33.82)
2019-09-06:16:58:53.774 [DiscoveryClient-InstanceInfoReplicator-0] INFO   DiscoveryClient_HUAXING-PRODUCER-USER/192.168.10.5:huaxing-producer-user:8001 - registration status: 204
2019-09-06:16:58:54.647 [RMI TCP Connection(2)-127.0.0.1] INFO   HikariPool-1 - Starting...
2019-09-06:16:58:54.648 [RMI TCP Connection(8)-127.0.0.1] INFO   Initializing Spring DispatcherServlet 'dispatcherServlet'
2019-09-06:16:58:54.648 [RMI TCP Connection(8)-127.0.0.1] INFO   Initializing Servlet 'dispatcherServlet'
2019-09-06:16:58:54.665 [RMI TCP Connection(8)-127.0.0.1] INFO   Completed initialization in 16 ms
2019-09-06:16:59:23.595 [DiscoveryClient-CacheRefreshExecutor-0] INFO   Disable delta property : false
2019-09-06:16:59:23.595 [DiscoveryClient-CacheRefreshExecutor-0] INFO   Single vip registry refresh property : null
2019-09-06:16:59:23.595 [DiscoveryClient-CacheRefreshExecutor-0] INFO   Force full registry fetch : false
2019-09-06:16:59:23.596 [DiscoveryClient-CacheRefreshExecutor-0] INFO   Application is null : false
2019-09-06:16:59:23.596 [DiscoveryClient-CacheRefreshExecutor-0] INFO   Registered Applications size is zero : true
2019-09-06:16:59:23.596 [DiscoveryClient-CacheRefreshExecutor-0] INFO   Application version is -1: false
2019-09-06:16:59:23.596 [DiscoveryClient-CacheRefreshExecutor-0] INFO   Getting all instance registry info from the eureka server
2019-09-06:16:59:23.748 [DiscoveryClient-CacheRefreshExecutor-0] INFO   The response status is 200
2019-09-06:17:03:47.882 [Thread-61] INFO   Unregistering application HUAXING-PRODUCER-USER with eureka with status DOWN
2019-09-06:17:03:47.882 [DiscoveryClient-InstanceInfoReplicator-0] INFO   DiscoveryClient_HUAXING-PRODUCER-USER/192.168.10.5:huaxing-producer-user:8001: registering service...
2019-09-06:17:03:47.901 [Thread-61] INFO   Shutting down ExecutorService 'applicationTaskExecutor'
2019-09-06:17:03:47.909 [Thread-61] INFO   Shutting down DiscoveryClient ...
2019-09-06:17:03:47.990 [DiscoveryClient-InstanceInfoReplicator-0] INFO   DiscoveryClient_HUAXING-PRODUCER-USER/192.168.10.5:huaxing-producer-user:8001 - registration status: 204
2019-09-06:17:03:47.991 [Thread-61] INFO   Unregistering ...
