2020-09-23 14:48:00.252 [main] INFO  o.s.c.s.PostProcessorRegistrationDelegate$BeanPostProcessorChecker - Bean 'org.springframework.cloud.autoconfigure.ConfigurationPropertiesRebinderAutoConfiguration' of type [org.springframework.cloud.autoconfigure.ConfigurationPropertiesRebinderAutoConfiguration$$EnhancerBySpringCGLIB$$9de4f57a] is not eligible for getting processed by all BeanPostProcessors (for example: not eligible for auto-proxying)
2020-09-23 14:48:01.160 [main] INFO  com.huaxing.site.system.App - The following profiles are active: dev
2020-09-23 14:48:02.124 [main] INFO  o.springframework.cloud.context.scope.GenericScope - BeanFactory id=b1067e8a-1bcc-3e09-827e-224ddf29eda6
2020-09-23 14:48:02.236 [main] INFO  o.s.c.s.PostProcessorRegistrationDelegate$BeanPostProcessorChecker - Bean 'org.springframework.transaction.annotation.ProxyTransactionManagementConfiguration' of type [org.springframework.transaction.annotation.ProxyTransactionManagementConfiguration$$EnhancerBySpringCGLIB$$81caf27d] is not eligible for getting processed by all BeanPostProcessors (for example: not eligible for auto-proxying)
2020-09-23 14:48:02.258 [main] INFO  o.s.c.s.PostProcessorRegistrationDelegate$BeanPostProcessorChecker - Bean 'org.springframework.cloud.autoconfigure.ConfigurationPropertiesRebinderAutoConfiguration' of type [org.springframework.cloud.autoconfigure.ConfigurationPropertiesRebinderAutoConfiguration$$EnhancerBySpringCGLIB$$9de4f57a] is not eligible for getting processed by all BeanPostProcessors (for example: not eligible for auto-proxying)
2020-09-23 14:48:02.555 [main] INFO  o.s.boot.web.embedded.tomcat.TomcatWebServer - Tomcat initialized with port(s): 9002 (http)
2020-09-23 14:48:02.575 [main] INFO  org.apache.coyote.http11.Http11NioProtocol - Initializing ProtocolHandler ["http-nio-9002"]
2020-09-23 14:48:02.586 [main] INFO  org.apache.catalina.core.StandardService - Starting service [Tomcat]
2020-09-23 14:48:02.587 [main] INFO  org.apache.catalina.core.StandardEngine - Starting Servlet engine: [Apache Tomcat/9.0.27]
2020-09-23 14:48:02.918 [main] INFO  o.a.c.core.ContainerBase.[Tomcat].[localhost].[/] - Initializing Spring embedded WebApplicationContext
2020-09-23 14:48:02.919 [main] INFO  org.springframework.web.context.ContextLoader - Root WebApplicationContext: initialization completed in 1733 ms
2020-09-23 14:48:03.070 [main] INFO  com.netflix.config.sources.URLConfigurationSource - To enable URLs as dynamic configuration sources, define System property archaius.configurationSource.additionalUrls or make config.properties available on classpath.
2020-09-23 14:48:03.076 [main] INFO  com.netflix.config.sources.URLConfigurationSource - To enable URLs as dynamic configuration sources, define System property archaius.configurationSource.additionalUrls or make config.properties available on classpath.
2020-09-23 14:48:03.395 [main] INFO  o.s.scheduling.concurrent.ThreadPoolTaskExecutor - Initializing ExecutorService 'applicationTaskExecutor'
2020-09-23 14:48:03.575 [main] INFO  c.a.d.s.b.a.DruidDataSourceAutoConfigure - Init DruidDataSource
2020-09-23 14:48:03.703 [main] INFO  com.alibaba.druid.pool.DruidDataSource - {dataSource-1} inited
2020-09-23 14:48:05.645 [main] INFO  o.s.cloud.netflix.eureka.InstanceInfoFactory - Setting initial instance status as: STARTING
2020-09-23 14:48:05.690 [main] INFO  com.netflix.discovery.DiscoveryClient - Initializing Eureka in region us-east-1
2020-09-23 14:48:06.284 [main] INFO  c.n.discovery.provider.DiscoveryJerseyProvider - Using JSON encoding codec LegacyJacksonJson
2020-09-23 14:48:06.284 [main] INFO  c.n.discovery.provider.DiscoveryJerseyProvider - Using JSON decoding codec LegacyJacksonJson
2020-09-23 14:48:06.452 [main] INFO  c.n.discovery.provider.DiscoveryJerseyProvider - Using XML encoding codec XStreamXml
2020-09-23 14:48:06.452 [main] INFO  c.n.discovery.provider.DiscoveryJerseyProvider - Using XML decoding codec XStreamXml
2020-09-23 14:48:06.732 [main] INFO  c.n.d.shared.resolver.aws.ConfigClusterResolver - Resolving eureka endpoints via configuration
2020-09-23 14:48:07.097 [main] INFO  com.netflix.discovery.DiscoveryClient - Disable delta property : false
2020-09-23 14:48:07.098 [main] INFO  com.netflix.discovery.DiscoveryClient - Single vip registry refresh property : null
2020-09-23 14:48:07.098 [main] INFO  com.netflix.discovery.DiscoveryClient - Force full registry fetch : false
2020-09-23 14:48:07.098 [main] INFO  com.netflix.discovery.DiscoveryClient - Application is null : false
2020-09-23 14:48:07.098 [main] INFO  com.netflix.discovery.DiscoveryClient - Registered Applications size is zero : true
2020-09-23 14:48:07.098 [main] INFO  com.netflix.discovery.DiscoveryClient - Application version is -1: true
2020-09-23 14:48:07.098 [main] INFO  com.netflix.discovery.DiscoveryClient - Getting all instance registry info from the eureka server
2020-09-23 14:48:07.396 [main] INFO  com.netflix.discovery.DiscoveryClient - The response status is 200
2020-09-23 14:48:07.400 [main] INFO  com.netflix.discovery.DiscoveryClient - Starting heartbeat executor: renew interval is: 30
2020-09-23 14:48:07.403 [main] INFO  com.netflix.discovery.InstanceInfoReplicator - InstanceInfoReplicator onDemand update allowed rate per min is 4
2020-09-23 14:48:07.409 [main] INFO  com.netflix.discovery.DiscoveryClient - Discovery Client initialized at timestamp 1600843687407 with initial instances count: 0
2020-09-23 14:48:07.412 [main] INFO  o.s.c.n.e.serviceregistry.EurekaServiceRegistry - Registering application SYSTEM-SERVER with eureka with status UP
2020-09-23 14:48:07.413 [main] INFO  com.netflix.discovery.DiscoveryClient - Saw local status change event StatusChangeEvent [timestamp=1600843687413, current=UP, previous=STARTING]
2020-09-23 14:48:07.417 [DiscoveryClient-InstanceInfoReplicator-0] INFO  com.netflix.discovery.DiscoveryClient - DiscoveryClient_SYSTEM-SERVER/system-server:9002: registering service...
2020-09-23 14:48:07.434 [main] INFO  org.apache.coyote.http11.Http11NioProtocol - Starting ProtocolHandler ["http-nio-9002"]
2020-09-23 14:48:07.483 [main] INFO  o.s.boot.web.embedded.tomcat.TomcatWebServer - Tomcat started on port(s): 9002 (http) with context path ''
2020-09-23 14:48:07.484 [main] INFO  o.s.c.n.e.s.EurekaAutoServiceRegistration - Updating port to 9002
2020-09-23 14:48:07.488 [main] INFO  com.huaxing.site.system.App - Started App in 9.468 seconds (JVM running for 11.338)
2020-09-23 14:48:07.539 [DiscoveryClient-InstanceInfoReplicator-0] INFO  com.netflix.discovery.DiscoveryClient - DiscoveryClient_SYSTEM-SERVER/system-server:9002 - registration status: 204
2020-09-23 14:58:20.846 [main] INFO  o.s.c.s.PostProcessorRegistrationDelegate$BeanPostProcessorChecker - Bean 'org.springframework.cloud.autoconfigure.ConfigurationPropertiesRebinderAutoConfiguration' of type [org.springframework.cloud.autoconfigure.ConfigurationPropertiesRebinderAutoConfiguration$$EnhancerBySpringCGLIB$$9cd2720] is not eligible for getting processed by all BeanPostProcessors (for example: not eligible for auto-proxying)
2020-09-23 14:58:21.713 [main] INFO  com.huaxing.site.system.App - The following profiles are active: dev
2020-09-23 14:58:22.654 [main] INFO  o.springframework.cloud.context.scope.GenericScope - BeanFactory id=0dbbc1b3-4c8a-3608-b8cd-057b002fd3e4
2020-09-23 14:58:22.791 [main] INFO  o.s.c.s.PostProcessorRegistrationDelegate$BeanPostProcessorChecker - Bean 'org.springframework.transaction.annotation.ProxyTransactionManagementConfiguration' of type [org.springframework.transaction.annotation.ProxyTransactionManagementConfiguration$$EnhancerBySpringCGLIB$$edb32423] is not eligible for getting processed by all BeanPostProcessors (for example: not eligible for auto-proxying)
2020-09-23 14:58:22.945 [main] INFO  o.s.c.s.PostProcessorRegistrationDelegate$BeanPostProcessorChecker - Bean 'org.springframework.cloud.autoconfigure.ConfigurationPropertiesRebinderAutoConfiguration' of type [org.springframework.cloud.autoconfigure.ConfigurationPropertiesRebinderAutoConfiguration$$EnhancerBySpringCGLIB$$9cd2720] is not eligible for getting processed by all BeanPostProcessors (for example: not eligible for auto-proxying)
2020-09-23 14:58:28.518 [main] INFO  c.h.f.core.configuration.MessageSourceConfig - init MessageResourceExtension...
2020-09-23 14:58:38.657 [main] INFO  o.s.boot.web.embedded.tomcat.TomcatWebServer - Tomcat initialized with port(s): 9002 (http)
2020-09-23 14:58:38.677 [main] INFO  org.apache.coyote.http11.Http11NioProtocol - Initializing ProtocolHandler ["http-nio-9002"]
2020-09-23 14:58:38.689 [main] INFO  org.apache.catalina.core.StandardService - Starting service [Tomcat]
2020-09-23 14:58:38.690 [main] INFO  org.apache.catalina.core.StandardEngine - Starting Servlet engine: [Apache Tomcat/9.0.27]
2020-09-23 14:58:39.014 [main] INFO  o.a.c.core.ContainerBase.[Tomcat].[localhost].[/] - Initializing Spring embedded WebApplicationContext
2020-09-23 14:58:39.014 [main] INFO  org.springframework.web.context.ContextLoader - Root WebApplicationContext: initialization completed in 17275 ms
2020-09-23 14:58:39.152 [main] INFO  com.netflix.config.sources.URLConfigurationSource - To enable URLs as dynamic configuration sources, define System property archaius.configurationSource.additionalUrls or make config.properties available on classpath.
2020-09-23 14:58:39.159 [main] INFO  com.netflix.config.sources.URLConfigurationSource - To enable URLs as dynamic configuration sources, define System property archaius.configurationSource.additionalUrls or make config.properties available on classpath.
2020-09-23 14:58:39.455 [main] INFO  o.s.scheduling.concurrent.ThreadPoolTaskExecutor - Initializing ExecutorService 'applicationTaskExecutor'
2020-09-23 14:58:39.659 [main] INFO  c.a.d.s.b.a.DruidDataSourceAutoConfigure - Init DruidDataSource
2020-09-23 14:58:39.788 [main] INFO  com.alibaba.druid.pool.DruidDataSource - {dataSource-1} inited
2020-09-23 14:58:41.892 [main] INFO  o.s.cloud.netflix.eureka.InstanceInfoFactory - Setting initial instance status as: STARTING
2020-09-23 14:58:41.938 [main] INFO  com.netflix.discovery.DiscoveryClient - Initializing Eureka in region us-east-1
2020-09-23 14:58:42.531 [main] INFO  c.n.discovery.provider.DiscoveryJerseyProvider - Using JSON encoding codec LegacyJacksonJson
2020-09-23 14:58:42.531 [main] INFO  c.n.discovery.provider.DiscoveryJerseyProvider - Using JSON decoding codec LegacyJacksonJson
2020-09-23 14:58:42.708 [main] INFO  c.n.discovery.provider.DiscoveryJerseyProvider - Using XML encoding codec XStreamXml
2020-09-23 14:58:42.708 [main] INFO  c.n.discovery.provider.DiscoveryJerseyProvider - Using XML decoding codec XStreamXml
2020-09-23 14:58:42.989 [main] INFO  c.n.d.shared.resolver.aws.ConfigClusterResolver - Resolving eureka endpoints via configuration
2020-09-23 14:58:43.340 [main] INFO  com.netflix.discovery.DiscoveryClient - Disable delta property : false
2020-09-23 14:58:43.341 [main] INFO  com.netflix.discovery.DiscoveryClient - Single vip registry refresh property : null
2020-09-23 14:58:43.341 [main] INFO  com.netflix.discovery.DiscoveryClient - Force full registry fetch : false
2020-09-23 14:58:43.341 [main] INFO  com.netflix.discovery.DiscoveryClient - Application is null : false
2020-09-23 14:58:43.341 [main] INFO  com.netflix.discovery.DiscoveryClient - Registered Applications size is zero : true
2020-09-23 14:58:43.341 [main] INFO  com.netflix.discovery.DiscoveryClient - Application version is -1: true
2020-09-23 14:58:43.341 [main] INFO  com.netflix.discovery.DiscoveryClient - Getting all instance registry info from the eureka server
2020-09-23 14:58:45.494 [main] INFO  com.netflix.discovery.DiscoveryClient - Starting heartbeat executor: renew interval is: 30
2020-09-23 14:58:45.501 [main] INFO  com.netflix.discovery.InstanceInfoReplicator - InstanceInfoReplicator onDemand update allowed rate per min is 4
2020-09-23 14:58:45.508 [main] INFO  com.netflix.discovery.DiscoveryClient - Discovery Client initialized at timestamp 1600844325506 with initial instances count: 0
2020-09-23 14:58:45.514 [main] INFO  o.s.c.n.e.serviceregistry.EurekaServiceRegistry - Registering application SYSTEM-SERVER with eureka with status UP
2020-09-23 14:58:45.516 [main] INFO  com.netflix.discovery.DiscoveryClient - Saw local status change event StatusChangeEvent [timestamp=1600844325516, current=UP, previous=STARTING]
2020-09-23 14:58:45.521 [DiscoveryClient-InstanceInfoReplicator-0] INFO  com.netflix.discovery.DiscoveryClient - DiscoveryClient_SYSTEM-SERVER/system-server:9002: registering service...
2020-09-23 14:58:45.539 [main] INFO  org.apache.coyote.http11.Http11NioProtocol - Starting ProtocolHandler ["http-nio-9002"]
2020-09-23 14:58:45.572 [main] INFO  o.s.boot.web.embedded.tomcat.TomcatWebServer - Tomcat started on port(s): 9002 (http) with context path ''
2020-09-23 14:58:45.574 [main] INFO  o.s.c.n.e.s.EurekaAutoServiceRegistration - Updating port to 9002
2020-09-23 14:58:45.576 [main] INFO  com.huaxing.site.system.App - Started App in 26.806 seconds (JVM running for 28.827)
